<?xml version="1.0" encoding="UTF-8"?>
<!-- Generated by org.testng.reporters.JUnitXMLReporter -->
<testsuite hostname="DESKTOP-A60CPS8" ignored="0" name="Dollar Days Test" tests="21" failures="1" timestamp="2020-09-18T11:05:19 EDT" time="1252.063" errors="0">
  <testcase name="SortBy_View" time="40.044" classname="com.dollardays.testcases.Team7DDSortByTestcase"/>
  <testcase name="SortBy_View" time="37.481" classname="com.dollardays.testcases.Team7DDSortByTestcase"/>
  <testcase name="SortBy_View" time="39.226" classname="com.dollardays.testcases.Team7DDSortByTestcase"/>
  <testcase name="SortBy_View" time="40.475" classname="com.dollardays.testcases.Team7DDSortByTestcase"/>
  <testcase name="SortBy_View" time="39.406" classname="com.dollardays.testcases.Team7DDSortByTestcase"/>
  <testcase name="SortBy_View" time="42.79" classname="com.dollardays.testcases.Team7DDSortByTestcase"/>
  <testcase name="SortBy_View" time="40.622" classname="com.dollardays.testcases.Team7DDSortByTestcase"/>
  <testcase name="SortBy_View" time="39.611" classname="com.dollardays.testcases.Team7DDSortByTestcase"/>
  <testcase name="SortBy_View" time="40.631" classname="com.dollardays.testcases.Team7DDSortByTestcase"/>
  <testcase name="SortBy_View" time="40.545" classname="com.dollardays.testcases.Team7DDSortByTestcase"/>
  <testcase name="SortBy_View" time="39.158" classname="com.dollardays.testcases.Team7DDSortByTestcase"/>
  <testcase name="SortBy_View" time="51.085" classname="com.dollardays.testcases.Team7DDSortByTestcase"/>
  <testcase name="SortBy_View" time="50.422" classname="com.dollardays.testcases.Team7DDSortByTestcase"/>
  <testcase name="SortBy_View" time="49.703" classname="com.dollardays.testcases.Team7DDSortByTestcase"/>
  <testcase name="SortBy_View" time="52.837" classname="com.dollardays.testcases.Team7DDSortByTestcase"/>
  <testcase name="SortBy_View" time="50.955" classname="com.dollardays.testcases.Team7DDSortByTestcase"/>
  <testcase name="SortBy_View" time="1.036" classname="com.dollardays.testcases.Team7DDSortByTestcase">
    <failure type="org.openqa.selenium.NoSuchElementException" message="no such element: Unable to locate element: {&amp;quot;method&amp;quot;:&amp;quot;xpath&amp;quot;,&amp;quot;selector&amp;quot;:&amp;quot;//a[normalize-space(.)=&amp;apos;Sign in&amp;apos;]&amp;quot;}
  (Session info: chrome=85.0.4183.102)
  (Driver info: chromedriver=85.0.4183.87 (cd6713ebf92fa1cacc0f1a598df280093af0c5d7-refs/branch-heads/4183@{#1689}),platform=Windows NT 10.0.19041 x86_64) (WARNING: The server did not provide any stacktrace information)
Command duration or timeout: 28 milliseconds
For documentation on this error, please visit: http://seleniumhq.org/exceptions/no_such_element.html
Build info: version: &amp;apos;2.53.1&amp;apos;, revision: &amp;apos;a36b8b1cd5757287168e54b817830adce9b0158d&amp;apos;, time: &amp;apos;2016-06-30 19:26:09&amp;apos;
System info: host: &amp;apos;DESKTOP-A60CPS8&amp;apos;, ip: &amp;apos;192.168.1.185&amp;apos;, os.name: &amp;apos;Windows 10&amp;apos;, os.arch: &amp;apos;amd64&amp;apos;, os.version: &amp;apos;10.0&amp;apos;, java.version: &amp;apos;1.8.0_261&amp;apos;
Driver info: org.openqa.selenium.chrome.ChromeDriver
Capabilities [{mobileEmulationEnabled=false, timeouts={implicit=0, pageLoad=300000, script=30000}, hasTouchScreen=false, platform=XP, acceptSslCerts=false, goog:chromeOptions={debuggerAddress=localhost:64271}, acceptInsecureCerts=false, webStorageEnabled=true, browserName=chrome, takesScreenshot=true, javascriptEnabled=true, setWindowRect=true, unexpectedAlertBehaviour=ignore, applicationCacheEnabled=false, rotatable=false, networkConnectionEnabled=false, chrome={chromedriverVersion=85.0.4183.87 (cd6713ebf92fa1cacc0f1a598df280093af0c5d7-refs/branch-heads/4183@{#1689}), userDataDir=C:\Users\vaishu\AppData\Local\Temp\scoped_dir13388_414420744}, takesHeapSnapshot=true, pageLoadStrategy=normal, strictFileInteractability=false, databaseEnabled=false, handlesAlerts=true, version=85.0.4183.102, browserConnectionEnabled=false, proxy={}, nativeEvents=true, locationContextEnabled=true, cssSelectorsEnabled=true, webauthn:virtualAuthenticators=true}]
Session ID: 70dad2cfdff8e38899b769f866a9b79d
*** Element info: {Using=xpath, value=//a[normalize-space(.)=&amp;apos;Sign in&amp;apos;]}">
      <![CDATA[org.openqa.selenium.NoSuchElementException: no such element: Unable to locate element: {"method":"xpath","selector":"//a[normalize-space(.)='Sign in']"}
  (Session info: chrome=85.0.4183.102)
  (Driver info: chromedriver=85.0.4183.87 (cd6713ebf92fa1cacc0f1a598df280093af0c5d7-refs/branch-heads/4183@{#1689}),platform=Windows NT 10.0.19041 x86_64) (WARNING: The server did not provide any stacktrace information)
Command duration or timeout: 28 milliseconds
For documentation on this error, please visit: http://seleniumhq.org/exceptions/no_such_element.html
Build info: version: '2.53.1', revision: 'a36b8b1cd5757287168e54b817830adce9b0158d', time: '2016-06-30 19:26:09'
System info: host: 'DESKTOP-A60CPS8', ip: '192.168.1.185', os.name: 'Windows 10', os.arch: 'amd64', os.version: '10.0', java.version: '1.8.0_261'
Driver info: org.openqa.selenium.chrome.ChromeDriver
Capabilities [{mobileEmulationEnabled=false, timeouts={implicit=0, pageLoad=300000, script=30000}, hasTouchScreen=false, platform=XP, acceptSslCerts=false, goog:chromeOptions={debuggerAddress=localhost:64271}, acceptInsecureCerts=false, webStorageEnabled=true, browserName=chrome, takesScreenshot=true, javascriptEnabled=true, setWindowRect=true, unexpectedAlertBehaviour=ignore, applicationCacheEnabled=false, rotatable=false, networkConnectionEnabled=false, chrome={chromedriverVersion=85.0.4183.87 (cd6713ebf92fa1cacc0f1a598df280093af0c5d7-refs/branch-heads/4183@{#1689}), userDataDir=C:\Users\vaishu\AppData\Local\Temp\scoped_dir13388_414420744}, takesHeapSnapshot=true, pageLoadStrategy=normal, strictFileInteractability=false, databaseEnabled=false, handlesAlerts=true, version=85.0.4183.102, browserConnectionEnabled=false, proxy={}, nativeEvents=true, locationContextEnabled=true, cssSelectorsEnabled=true, webauthn:virtualAuthenticators=true}]
Session ID: 70dad2cfdff8e38899b769f866a9b79d
*** Element info: {Using=xpath, value=//a[normalize-space(.)='Sign in']}
at org.openqa.selenium.remote.ErrorHandler.createThrowable(ErrorHandler.java:206)
at org.openqa.selenium.remote.ErrorHandler.throwIfResponseFailed(ErrorHandler.java:158)
at org.openqa.selenium.remote.RemoteWebDriver.execute(RemoteWebDriver.java:678)
at org.openqa.selenium.remote.RemoteWebDriver.findElement(RemoteWebDriver.java:363)
at org.openqa.selenium.remote.RemoteWebDriver.findElementByXPath(RemoteWebDriver.java:500)
at org.openqa.selenium.By$ByXPath.findElement(By.java:361)
at org.openqa.selenium.remote.RemoteWebDriver.findElement(RemoteWebDriver.java:355)
at org.openqa.selenium.support.pagefactory.DefaultElementLocator.findElement(DefaultElementLocator.java:69)
at org.openqa.selenium.support.pagefactory.internal.LocatingElementHandler.invoke(LocatingElementHandler.java:38)
at com.sun.proxy.$Proxy9.click(Unknown Source)
at com.dollardays.pages.LoginPage.login(LoginPage.java:74)
at com.dollardays.testcases.Team7DDSortByTestcase.SortBy_View(Team7DDSortByTestcase.java:35)
at java.util.ArrayList.forEach(ArrayList.java:1259)
... Removed 30 stack frames]]>
    </failure>
  </testcase> <!-- SortBy_View -->
  <testcase name="SortBy_View" time="50.531" classname="com.dollardays.testcases.Team7DDSortByTestcase"/>
  <testcase name="SortBy_View" time="53.993" classname="com.dollardays.testcases.Team7DDSortByTestcase"/>
  <testcase name="SortBy_View" time="46.396" classname="com.dollardays.testcases.Team7DDSortByTestcase"/>
  <testcase name="SortBy_View" time="49.935" classname="com.dollardays.testcases.Team7DDSortByTestcase"/>
</testsuite> <!-- Dollar Days Test -->
