<?xml version="1.0" encoding="UTF-8"?>
<!-- Generated by org.testng.reporters.JUnitReportReporter -->
<testsuite skipped="0" hostname="DESKTOP-A60CPS8" name="com.dollardays.testcases.Team7DDSortByTestcase" tests="21" failures="0" timestamp="2020-09-18T11:05:20 EDT" time="1250.765" errors="1">
  <testcase name="SortBy_View" time="53.826" classname="com.dollardays.testcases.Team7DDSortByTestcase"/>
  <system-out/>
  <testcase name="SortBy_View" time="63.637" classname="com.dollardays.testcases.Team7DDSortByTestcase"/>
  <system-out/>
  <testcase name="SortBy_View" time="69.679" classname="com.dollardays.testcases.Team7DDSortByTestcase"/>
  <system-out/>
  <testcase name="SortBy_View" time="64.232" classname="com.dollardays.testcases.Team7DDSortByTestcase"/>
  <system-out/>
  <testcase name="SortBy_View" time="71.126" classname="com.dollardays.testcases.Team7DDSortByTestcase"/>
  <system-out/>
  <testcase name="SortBy_View" time="62.646" classname="com.dollardays.testcases.Team7DDSortByTestcase"/>
  <system-out/>
  <testcase name="SortBy_View" time="54.979" classname="com.dollardays.testcases.Team7DDSortByTestcase"/>
  <system-out/>
  <testcase name="SortBy_View" time="71.528" classname="com.dollardays.testcases.Team7DDSortByTestcase"/>
  <system-out/>
  <testcase name="SortBy_View" time="62.361" classname="com.dollardays.testcases.Team7DDSortByTestcase"/>
  <system-out/>
  <testcase name="SortBy_View" time="60.884" classname="com.dollardays.testcases.Team7DDSortByTestcase"/>
  <system-out/>
  <testcase name="SortBy_View" time="72.761" classname="com.dollardays.testcases.Team7DDSortByTestcase"/>
  <system-out/>
  <testcase name="SortBy_View" time="61.001" classname="com.dollardays.testcases.Team7DDSortByTestcase"/>
  <system-out/>
  <testcase name="SortBy_View" time="67.207" classname="com.dollardays.testcases.Team7DDSortByTestcase"/>
  <system-out/>
  <testcase name="SortBy_View" time="55.653" classname="com.dollardays.testcases.Team7DDSortByTestcase"/>
  <system-out/>
  <testcase name="SortBy_View" time="59.054" classname="com.dollardays.testcases.Team7DDSortByTestcase"/>
  <system-out/>
  <testcase name="SortBy_View" time="20.745" classname="com.dollardays.testcases.Team7DDSortByTestcase">
    <error type="org.openqa.selenium.NoSuchElementException" message="no such element: Unable to locate element: {&quot;method&quot;:&quot;xpath&quot;,&quot;selector&quot;:&quot;//a[normalize-space(.)=&#039;Sign in&#039;]&quot;}
  (Session info: chrome=85.0.4183.102)
  (Driver info: chromedriver=85.0.4183.87 (cd6713ebf92fa1cacc0f1a598df280093af0c5d7-refs/branch-heads/4183@{#1689}),platform=Windows NT 10.0.19041 x86_64) (WARNING: The server did not provide any stacktrace information)
Command duration or timeout: 28 milliseconds
For documentation on this error, please visit: http://seleniumhq.org/exceptions/no_such_element.html
Build info: version: &#039;2.53.1&#039;, revision: &#039;a36b8b1cd5757287168e54b817830adce9b0158d&#039;, time: &#039;2016-06-30 19:26:09&#039;
System info: host: &#039;DESKTOP-A60CPS8&#039;, ip: &#039;192.168.1.185&#039;, os.name: &#039;Windows 10&#039;, os.arch: &#039;amd64&#039;, os.version: &#039;10.0&#039;, java.version: &#039;1.8.0_261&#039;
Driver info: org.openqa.selenium.chrome.ChromeDriver
Capabilities [{mobileEmulationEnabled=false, timeouts={implicit=0, pageLoad=300000, script=30000}, hasTouchScreen=false, platform=XP, acceptSslCerts=false, goog:chromeOptions={debuggerAddress=localhost:64271}, acceptInsecureCerts=false, webStorageEnabled=true, browserName=chrome, takesScreenshot=true, javascriptEnabled=true, setWindowRect=true, unexpectedAlertBehaviour=ignore, applicationCacheEnabled=false, rotatable=false, networkConnectionEnabled=false, chrome={chromedriverVersion=85.0.4183.87 (cd6713ebf92fa1cacc0f1a598df280093af0c5d7-refs/branch-heads/4183@{#1689}), userDataDir=C:\Users\vaishu\AppData\Local\Temp\scoped_dir13388_414420744}, takesHeapSnapshot=true, pageLoadStrategy=normal, strictFileInteractability=false, databaseEnabled=false, handlesAlerts=true, version=85.0.4183.102, browserConnectionEnabled=false, proxy={}, nativeEvents=true, locationContextEnabled=true, cssSelectorsEnabled=true, webauthn:virtualAuthenticators=true}]
Session ID: 70dad2cfdff8e38899b769f866a9b79d
*** Element info: {Using=xpath, value=//a[normalize-space(.)=&#039;Sign in&#039;]}">
      <![CDATA[org.openqa.selenium.NoSuchElementException: no such element: Unable to locate element: {"method":"xpath","selector":"//a[normalize-space(.)='Sign in']"}
  (Session info: chrome=85.0.4183.102)
  (Driver info: chromedriver=85.0.4183.87 (cd6713ebf92fa1cacc0f1a598df280093af0c5d7-refs/branch-heads/4183@{#1689}),platform=Windows NT 10.0.19041 x86_64) (WARNING: The server did not provide any stacktrace information)
Command duration or timeout: 28 milliseconds
For documentation on this error, please visit: http://seleniumhq.org/exceptions/no_such_element.html
Build info: version: '2.53.1', revision: 'a36b8b1cd5757287168e54b817830adce9b0158d', time: '2016-06-30 19:26:09'
System info: host: 'DESKTOP-A60CPS8', ip: '192.168.1.185', os.name: 'Windows 10', os.arch: 'amd64', os.version: '10.0', java.version: '1.8.0_261'
Driver info: org.openqa.selenium.chrome.ChromeDriver
Capabilities [{mobileEmulationEnabled=false, timeouts={implicit=0, pageLoad=300000, script=30000}, hasTouchScreen=false, platform=XP, acceptSslCerts=false, goog:chromeOptions={debuggerAddress=localhost:64271}, acceptInsecureCerts=false, webStorageEnabled=true, browserName=chrome, takesScreenshot=true, javascriptEnabled=true, setWindowRect=true, unexpectedAlertBehaviour=ignore, applicationCacheEnabled=false, rotatable=false, networkConnectionEnabled=false, chrome={chromedriverVersion=85.0.4183.87 (cd6713ebf92fa1cacc0f1a598df280093af0c5d7-refs/branch-heads/4183@{#1689}), userDataDir=C:\Users\vaishu\AppData\Local\Temp\scoped_dir13388_414420744}, takesHeapSnapshot=true, pageLoadStrategy=normal, strictFileInteractability=false, databaseEnabled=false, handlesAlerts=true, version=85.0.4183.102, browserConnectionEnabled=false, proxy={}, nativeEvents=true, locationContextEnabled=true, cssSelectorsEnabled=true, webauthn:virtualAuthenticators=true}]
Session ID: 70dad2cfdff8e38899b769f866a9b79d
*** Element info: {Using=xpath, value=//a[normalize-space(.)='Sign in']}
at sun.reflect.NativeConstructorAccessorImpl.newInstance0(Native Method)
at sun.reflect.NativeConstructorAccessorImpl.newInstance(NativeConstructorAccessorImpl.java:62)
at sun.reflect.DelegatingConstructorAccessorImpl.newInstance(DelegatingConstructorAccessorImpl.java:45)
at java.lang.reflect.Constructor.newInstance(Constructor.java:423)
at org.openqa.selenium.remote.ErrorHandler.createThrowable(ErrorHandler.java:206)
at org.openqa.selenium.remote.ErrorHandler.throwIfResponseFailed(ErrorHandler.java:158)
at org.openqa.selenium.remote.RemoteWebDriver.execute(RemoteWebDriver.java:678)
at org.openqa.selenium.remote.RemoteWebDriver.findElement(RemoteWebDriver.java:363)
at org.openqa.selenium.remote.RemoteWebDriver.findElementByXPath(RemoteWebDriver.java:500)
at org.openqa.selenium.By$ByXPath.findElement(By.java:361)
at org.openqa.selenium.remote.RemoteWebDriver.findElement(RemoteWebDriver.java:355)
at org.openqa.selenium.support.pagefactory.DefaultElementLocator.findElement(DefaultElementLocator.java:69)
at org.openqa.selenium.support.pagefactory.internal.LocatingElementHandler.invoke(LocatingElementHandler.java:38)
at com.sun.proxy.$Proxy9.click(Unknown Source)
at com.dollardays.pages.LoginPage.login(LoginPage.java:74)
at com.dollardays.testcases.Team7DDSortByTestcase.SortBy_View(Team7DDSortByTestcase.java:35)
at sun.reflect.GeneratedMethodAccessor13.invoke(Unknown Source)
at sun.reflect.DelegatingMethodAccessorImpl.invoke(DelegatingMethodAccessorImpl.java:43)
at java.lang.reflect.Method.invoke(Method.java:498)
at org.testng.internal.MethodInvocationHelper.invokeMethod(MethodInvocationHelper.java:132)
at org.testng.internal.TestInvoker.invokeMethod(TestInvoker.java:599)
at org.testng.internal.TestInvoker.invokeTestMethod(TestInvoker.java:174)
at org.testng.internal.MethodRunner.runInSequence(MethodRunner.java:46)
at org.testng.internal.TestInvoker$MethodInvocationAgent.invoke(TestInvoker.java:822)
at org.testng.internal.TestInvoker.invokeTestMethods(TestInvoker.java:147)
at org.testng.internal.TestMethodWorker.invokeTestMethods(TestMethodWorker.java:146)
at org.testng.internal.TestMethodWorker.run(TestMethodWorker.java:128)
at java.util.ArrayList.forEach(ArrayList.java:1259)
at org.testng.TestRunner.privateRun(TestRunner.java:764)
at org.testng.TestRunner.run(TestRunner.java:585)
at org.testng.SuiteRunner.runTest(SuiteRunner.java:384)
at org.testng.SuiteRunner.runSequentially(SuiteRunner.java:378)
at org.testng.SuiteRunner.privateRun(SuiteRunner.java:337)
at org.testng.SuiteRunner.run(SuiteRunner.java:286)
at org.testng.SuiteRunnerWorker.runSuite(SuiteRunnerWorker.java:53)
at org.testng.SuiteRunnerWorker.run(SuiteRunnerWorker.java:96)
at org.testng.TestNG.runSuitesSequentially(TestNG.java:1218)
at org.testng.TestNG.runSuitesLocally(TestNG.java:1140)
at org.testng.TestNG.runSuites(TestNG.java:1069)
at org.testng.TestNG.run(TestNG.java:1037)
at org.testng.remote.AbstractRemoteTestNG.run(AbstractRemoteTestNG.java:115)
at org.testng.remote.RemoteTestNG.initAndRun(RemoteTestNG.java:251)
at org.testng.remote.RemoteTestNG.main(RemoteTestNG.java:77)
]]>
    </error>
  </testcase> <!-- SortBy_View -->
  <system-out/>
  <testcase name="SortBy_View" time="54.430" classname="com.dollardays.testcases.Team7DDSortByTestcase"/>
  <system-out/>
  <testcase name="SortBy_View" time="57.355" classname="com.dollardays.testcases.Team7DDSortByTestcase"/>
  <system-out/>
  <testcase name="SortBy_View" time="55.311" classname="com.dollardays.testcases.Team7DDSortByTestcase"/>
  <system-out/>
  <testcase name="SortBy_View" time="53.754" classname="com.dollardays.testcases.Team7DDSortByTestcase"/>
  <system-out/>
  <testcase name="SortBy_View" time="58.596" classname="com.dollardays.testcases.Team7DDSortByTestcase"/>
  <system-out/>
</testsuite> <!-- com.dollardays.testcases.Team7DDSortByTestcase -->
